<?xml version="1.0" encoding="UTF-8"?>
<!-- Generated by org.testng.reporters.JUnitXMLReporter -->
<testsuite ignored="0" hostname="EPMXGUAW0837" failures="0" tests="2" name="Default test" time="5.083" errors="0" timestamp="2022-08-08T17:28:56 CDT">
  <testcase classname="com.efraim.restassured.tests.GET_Post_Test" name="getAllPostsIs200" time="3.055"/>
  <testcase classname="com.efraim.restassured.tests.GET_Post_Test" name="getAllPosts_containsData" time="0.847"/>
</testsuite> <!-- Default test -->
